<?xml version="1.0" encoding="UTF-8"?>
<!-- Generated by org.testng.reporters.JUnitReportReporter -->
<testsuite name="com.parser.model.AlertTests" tests="3" time="0.015" ignored="0" failures="0" timestamp="28 Mar 2022 13:32:47 GMT" skipped="0" hostname="Manish" errors="0">
  <testcase name="alertWithDefaultValue" time="0.012" classname="com.parser.model.AlertTests"/>
  <testcase name="alertWithDifferentFlag" time="0.002" classname="com.parser.model.AlertTests"/>
  <testcase name="defaultAlertFlagForAlert" time="0.001" classname="com.parser.model.AlertTests"/>
</testsuite> <!-- com.parser.model.AlertTests -->
